<?xml version="1.0" encoding="UTF-8"?>
<!-- Generated by org.testng.reporters.JUnitReportReporter -->
<testsuite hostname="HP" failures="0" tests="1" name="explore.science" time="18.854" errors="0" timestamp="2023-04-20T10:02:15 IST" skipped="0">
  <testcase classname="explore.science" name="explore" time="18.854"/>
  <system-out/>
</testsuite> <!-- explore.science -->
